<?xml version="1.0" encoding="UTF-8"?>
<!-- Generated by org.testng.reporters.JUnitReportReporter -->
<testsuite hostname="Admin-PC" name="loginregister.testcase.DongTaiLoginCase" tests="1" failures="0" timestamp="11 Mar 2014 07:47:40 GMT" time="13.523" errors="0">
  <testcase name="clickDongtai" time="13.523" classname="loginregister.testcase.DongTaiLoginCase"/>
</testsuite> <!-- loginregister.testcase.DongTaiLoginCase -->
