<?xml version="1.0" encoding="UTF-8"?>
<!-- Generated by org.testng.reporters.JUnitReportReporter -->
<testsuite hostname="Admin-PC" name="loginregister.testcase.ShoppingCartNoLogin" tests="1" failures="0" timestamp="26 Mar 2014 09:56:55 GMT" time="7.400" errors="0">
  <testcase name="Addshoppingcart" time="7.400" classname="loginregister.testcase.ShoppingCartNoLogin"/>
</testsuite> <!-- loginregister.testcase.ShoppingCartNoLogin -->
