<?xml version="1.0" encoding="UTF-8"?>
<!-- Generated by org.testng.reporters.JUnitReportReporter -->
<testsuite hostname="Admin-PC" name="loginregister.testcase.s1" tests="1" failures="0" timestamp="26 Mar 2014 08:34:36 GMT" time="9.131" errors="0">
  <testcase name="Addshoppingcart" time="9.131" classname="loginregister.testcase.s1"/>
</testsuite> <!-- loginregister.testcase.s1 -->
