<?xml version="1.0" encoding="UTF-8"?>
<!-- Generated by org.testng.reporters.JUnitReportReporter -->
<testsuite hostname="Admin-PC" name="loginregister.testcase.send" tests="1" failures="0" timestamp="8 Apr 2014 08:14:53 GMT" time="3.142" errors="0">
  <testcase name="Sendimg" time="3.142" classname="loginregister.testcase.send"/>
</testsuite> <!-- loginregister.testcase.send -->
