<?xml version="1.0" encoding="UTF-8"?>
<!-- Generated by org.testng.reporters.JUnitReportReporter -->
<testsuite hostname="Admin-PC" name="loginregister.testcase.ShoppingCartCase" tests="1" failures="0" timestamp="26 Mar 2014 08:18:17 GMT" time="10.407" errors="0">
  <testcase name="Addshoppingcart" time="10.407" classname="loginregister.testcase.ShoppingCartCase"/>
</testsuite> <!-- loginregister.testcase.ShoppingCartCase -->
