<?xml version="1.0" encoding="UTF-8"?>
<!-- Generated by org.testng.reporters.JUnitReportReporter -->
<testsuite hostname="Admin-PC" name="loginregister.testcase.IsLogin" tests="1" failures="0" timestamp="11 Mar 2014 07:48:50 GMT" time="6.230" errors="0">
  <testcase name="islogin" time="6.230" classname="loginregister.testcase.IsLogin"/>
</testsuite> <!-- loginregister.testcase.IsLogin -->
