<?xml version="1.0" encoding="UTF-8"?>
<!-- Generated by org.testng.reporters.JUnitReportReporter -->
<testsuite hostname="Admin-PC" name="loginregister.testcase.Shoppingtow" tests="1" failures="0" timestamp="26 Mar 2014 09:44:56 GMT" time="9.304" errors="0">
  <testcase name="Addshoppingcart1" time="9.304" classname="loginregister.testcase.Shoppingtow"/>
</testsuite> <!-- loginregister.testcase.Shoppingtow -->
